[2025-02-23T04:50:15.274Z] [ERROR] Access denied for user 'root'@'localhost' (using password: YES) | Query: SELECT * FROM users LIMIT 1 | Params: []
[2025-02-23T04:52:51.069Z] [ERROR] Access denied for user 'root'@'localhost' (using password: YES) | Query: SELECT * FROM users LIMIT 1 | Params: []
[2025-02-23T04:53:03.168Z] [ERROR] Access denied for user 'root'@'localhost' (using password: YES) | Query: SELECT * FROM users LIMIT 1 | Params: []
[2025-02-23T04:53:04.578Z] [ERROR] Access denied for user 'root'@'localhost' (using password: YES) | Query: SELECT * FROM users LIMIT 1 | Params: []
[2025-02-24T04:43:50.814Z] [ERROR] Column count doesn't match value count at row 1 | Query: INSERT INTO tasks (id, user_id, proxy_id, site_id, product, monitor_delay, error_delay, mode_id, status, created_at)
             VALUES (?, ?, ?, ?, ?, ?, ?, ?, ?) | Params: ["a7c7fb07-dd6b-4d00-80a0-03bb7ddf2a2d","292444939412045825",null,"ae7f80a5-f19c-11ef-a4f8-d8bbc191788f"," HV8563-600",3500,3500,"Draw (Browser)","pending"]
[2025-02-24T04:44:49.580Z] [ERROR] Column count doesn't match value count at row 1 | Query: INSERT INTO tasks (id, user_id, proxy_id, site_id, product, monitor_delay, error_delay, mode_id, status, created_at)
             VALUES (?, ?, ?, ?, ?, ?, ?, ?, ?) | Params: ["de9d6fc4-bae7-4114-b6b2-c23c59eb1822","292444939412045825",null,"ae7f80a5-f19c-11ef-a4f8-d8bbc191788f"," HV8563-600",3500,3500,"Draw (Browser)","pending"]
[2025-02-24T22:44:19.216Z] [ERROR] Field 'user_id' doesn't have a default value | Query: INSERT INTO task_groups (id, name, created_at) VALUES (?, ?, NOW()) | Params: ["f7c790b5-7e15-4b46-90ca-2868200254f9","Test 2 (Copy)"]
[2025-02-24T22:45:01.855Z] [ERROR] Field 'user_id' doesn't have a default value | Query: INSERT INTO task_groups (id, name, created_at) VALUES (?, ?, NOW()) | Params: ["2a9a9b93-e6e1-4982-abfe-c64893a96bbe","Test 2 (Copy)"]
[2025-02-24T22:52:33.039Z] [ERROR] Unknown column 'name' in 'field list' | Query: SELECT id, name, status, details FROM tasks WHERE group_id = ? | Params: ["0d274d2f-cb4a-45e9-a773-75df367fefaa"]
[2025-02-24T22:53:19.013Z] [ERROR] Unknown column 'name' in 'field list' | Query: SELECT id, name, status, details FROM tasks WHERE group_id = ? | Params: ["0d274d2f-cb4a-45e9-a773-75df367fefaa"]
[2025-02-24T23:05:22.802Z] [ERROR] Unknown column 'group_id' in 'where clause' | Query: SELECT * FROM tasks WHERE group_id = ? | Params: ["fefc54cd-dccf-4254-bd8a-9df79adcc9a5"]
[2025-02-24T23:13:17.695Z] [ERROR] Unknown column 'group_id' in 'where clause' | Query: SELECT * FROM tasks WHERE group_id = ? | Params: ["fefc54cd-dccf-4254-bd8a-9df79adcc9a5"]
[2025-02-25T00:59:02.523Z] [ERROR] Unknown column 'group_id' in 'where clause' | Query: SELECT * FROM tasks WHERE group_id = ? | Params: ["15a09c10-1e21-4f9c-89e1-f957af66418c"]
[2025-02-25T03:49:41.626Z] [ERROR] Bind parameters must not contain undefined. To pass SQL NULL specify JS null | Query: INSERT INTO tasks (id, task_group_id, product, monitor_delay, error_delay, mode_id, status, created_at) 
             VALUES (?, ?, ?, ?, ?, ?, ?, NOW()) | Params: ["5c0ea52c-1b96-491b-be01-defcc195dee0","15a09c10-1e21-4f9c-89e1-f957af66418c","HF3975-001",null,null,null,null]
[2025-02-25T03:50:40.073Z] [ERROR] Data truncated for column 'status' at row 1 | Query: INSERT INTO tasks (id, task_group_id, product, monitor_delay, error_delay, mode_id, status, created_at) 
             VALUES (?, ?, ?, ?, ?, ?, ?, NOW()) | Params: ["444b0aad-932c-4497-a421-69e3de4f6b5b","15a09c10-1e21-4f9c-89e1-f957af66418c","HF3975-001",3500,3500,"Draw (Browser)","Idle"]
[2025-02-25T03:50:47.391Z] [ERROR] Data truncated for column 'status' at row 1 | Query: INSERT INTO tasks (id, task_group_id, product, monitor_delay, error_delay, mode_id, status, created_at) 
             VALUES (?, ?, ?, ?, ?, ?, ?, NOW()) | Params: ["f69f52aa-d6e5-4328-9ab5-690b68f2498b","15a09c10-1e21-4f9c-89e1-f957af66418c","HF3975-001",3500,3500,"Draw (Browser)","Idle"]
[2025-02-25T03:52:27.738Z] [ERROR] Data truncated for column 'status' at row 1 | Query: INSERT INTO tasks (id, task_group_id, product, monitor_delay, error_delay, mode_id, status, created_at) 
             VALUES (?, ?, ?, ?, ?, ?, ?, NOW()) | Params: ["b62ae213-2e73-410d-98cc-22db761e73cc","15a09c10-1e21-4f9c-89e1-f957af66418c","HF3975-001",3500,3500,"Draw (Browser)","Idle"]
[2025-02-25T03:53:21.592Z] [ERROR] Data truncated for column 'status' at row 1 | Query: INSERT INTO tasks (id, task_group_id, product, monitor_delay, error_delay, mode_id, status, created_at) 
             VALUES (?, ?, ?, ?, ?, ?, ?, NOW()) | Params: ["d64a2edd-c3f6-4fee-9eb4-a2d0f19a7fb9","15a09c10-1e21-4f9c-89e1-f957af66418c","HF3975-001",3500,3500,"d2bccca1-f1fe-11ef-a4f8-d8bbc191788f","IDLE"]
[2025-02-25T03:53:23.337Z] [ERROR] Data truncated for column 'status' at row 1 | Query: INSERT INTO tasks (id, task_group_id, product, monitor_delay, error_delay, mode_id, status, created_at) 
             VALUES (?, ?, ?, ?, ?, ?, ?, NOW()) | Params: ["9135528b-b355-4868-beef-d3d006544926","15a09c10-1e21-4f9c-89e1-f957af66418c","HF3975-001",3500,3500,"d2bccca1-f1fe-11ef-a4f8-d8bbc191788f","IDLE"]
[2025-02-25T03:53:33.279Z] [ERROR] Data truncated for column 'status' at row 1 | Query: INSERT INTO tasks (id, task_group_id, product, monitor_delay, error_delay, mode_id, status, created_at) 
             VALUES (?, ?, ?, ?, ?, ?, ?, NOW()) | Params: ["23e2c413-578a-4308-80aa-9ba8ce7efe44","15a09c10-1e21-4f9c-89e1-f957af66418c","HF3975-001",3500,3500,"d2bccca1-f1fe-11ef-a4f8-d8bbc191788f","IDLE"]
[2025-02-25T03:54:45.383Z] [ERROR] Field 'user_id' doesn't have a default value | Query: INSERT INTO tasks (
                id, 
                task_group_id, 
                product, 
                monitor_delay, 
                error_delay, 
                mode_id, 
                status, 
                site_id,
                proxy_id,
                created_at
            ) VALUES (?, ?, ?, ?, ?, ?, ?, ?, ?, NOW()) | Params: ["38f0dc2e-cbfa-495e-ab43-f21f9af9797e","15a09c10-1e21-4f9c-89e1-f957af66418c","HF3975-001",3500,3500,"d2bccca1-f1fe-11ef-a4f8-d8bbc191788f","pending","ae7f80a5-f19c-11ef-a4f8-d8bbc191788f",null]
[2025-02-25T03:55:20.041Z] [ERROR] Field 'user_id' doesn't have a default value | Query: INSERT INTO tasks (
                id, 
                task_group_id, 
                product, 
                monitor_delay, 
                error_delay, 
                mode_id, 
                status, 
                site_id,
                proxy_id,
                created_at
            ) VALUES (?, ?, ?, ?, ?, ?, ?, ?, ?, NOW()) | Params: ["3424f90a-b0d8-4011-9ec3-3c6dc58f407c","15a09c10-1e21-4f9c-89e1-f957af66418c","HF3975-001",3500,3500,"d2bccca1-f1fe-11ef-a4f8-d8bbc191788f","pending","ae7f80a5-f19c-11ef-a4f8-d8bbc191788f",null]
[2025-02-25T04:02:53.461Z] [ERROR] Unknown column 'group_id' in 'where clause' | Query: SELECT * FROM tasks WHERE group_id = ? | Params: ["15a09c10-1e21-4f9c-89e1-f957af66418c"]
[2025-02-25T04:12:01.058Z] [ERROR] Unknown column 'group_id' in 'where clause' | Query: DELETE FROM tasks WHERE group_id = ? | Params: ["43a7e98a-9b84-4dc9-8506-c09f6a35897f"]
[2025-02-25T04:12:12.113Z] [ERROR] Unknown column 'group_id' in 'where clause' | Query: DELETE FROM tasks WHERE group_id = ? | Params: ["43a7e98a-9b84-4dc9-8506-c09f6a35897f"]
[2025-02-25T04:12:51.191Z] [ERROR] Unknown column 'group_id' in 'where clause' | Query: DELETE FROM tasks WHERE group_id = ? | Params: ["d0e11989-3050-4c55-9e58-7cbf1f9cd854"]
[2025-02-25T04:12:53.068Z] [ERROR] Unknown column 'group_id' in 'where clause' | Query: DELETE FROM tasks WHERE group_id = ? | Params: ["43a7e98a-9b84-4dc9-8506-c09f6a35897f"]
[2025-02-25T04:12:54.717Z] [ERROR] Unknown column 'group_id' in 'where clause' | Query: DELETE FROM tasks WHERE group_id = ? | Params: ["15a09c10-1e21-4f9c-89e1-f957af66418c"]
[2025-02-25T18:35:39.793Z] [ERROR] Access denied for user 'root'@'localhost' (using password: YES) | Query: SELECT id, provider, is_first_login FROM users WHERE email = ? LIMIT 1 | Params: ["dantecady@gmail.com"]
[2025-02-25T18:35:46.950Z] [ERROR] Access denied for user 'root'@'localhost' (using password: YES) | Query: SELECT id, provider, is_first_login FROM users WHERE email = ? LIMIT 1 | Params: ["dantecady@gmail.com"]
[2025-02-25T18:38:00.078Z] [ERROR] Access denied for user 'root'@'localhost' (using password: YES) | Query: SELECT id, provider, is_first_login FROM users WHERE email = ? LIMIT 1 | Params: ["dantecady@gmail.com"]
[2025-02-25T18:44:36.942Z] [ERROR] Access denied for user 'root'@'localhost' (using password: YES) | Query: SELECT id, provider, is_first_login FROM users WHERE email = ? LIMIT 1 | Params: ["dantecady@gmail.com"]
[2025-02-25T18:45:06.784Z] [ERROR] Access denied for user 'root'@'localhost' (using password: YES) | Query: SELECT id, provider, is_first_login FROM users WHERE email = ? LIMIT 1 | Params: ["dantecady@gmail.com"]
[2025-02-25T18:47:14.346Z] [ERROR] Access denied for user 'root'@'localhost' (using password: YES) | Query: SELECT id, provider, is_first_login FROM users WHERE email = ? LIMIT 1 | Params: ["dantecady@gmail.com"]
[2025-02-25T18:52:30.078Z] [ERROR] Access denied for user 'root'@'localhost' (using password: YES) | Query: SELECT id, provider, is_first_login FROM users WHERE email = ? LIMIT 1 | Params: ["dantecady@gmail.com"]
[2025-02-25T18:52:55.196Z] [ERROR] Access denied for user 'root'@'localhost' (using password: YES) | Query: SELECT id, provider, is_first_login FROM users WHERE email = ? LIMIT 1 | Params: ["dantecady@gmail.com"]
[2025-02-25T19:28:08.136Z] [ERROR] Access denied for user 'root'@'localhost' (using password: YES) | Query: SELECT 1 | Params: []
[2025-02-25T19:28:10.538Z] [ERROR] Access denied for user 'root'@'localhost' (using password: YES) | Query: SELECT 1 | Params: []
[2025-02-25T19:28:12.995Z] [ERROR] Access denied for user 'root'@'localhost' (using password: YES) | Query: SELECT 1 | Params: []
[2025-02-25T19:28:24.316Z] [ERROR] Access denied for user 'root'@'localhost' (using password: YES) | Query: SELECT 1 | Params: []
[2025-02-25T19:29:03.656Z] [ERROR] Access denied for user 'root'@'localhost' (using password: YES) | Query: SELECT 1 | Params: []
[2025-02-25T19:29:12.362Z] [ERROR] Access denied for user 'root'@'localhost' (using password: YES) | Query: SELECT 1 | Params: []
[2025-02-25T19:30:12.733Z] [ERROR] Access denied for user 'root'@'localhost' (using password: YES) | Query: SELECT 1 | Params: []
[2025-02-25T19:30:42.664Z] [ERROR] Access denied for user 'root'@'localhost' (using password: YES) | Query: SELECT 1 | Params: []
[2025-02-25T19:31:12.656Z] [ERROR] Access denied for user 'root'@'localhost' (using password: YES) | Query: SELECT 1 | Params: []
[2025-02-25T19:32:08.264Z] [ERROR] Access denied for user 'root'@'localhost' (using password: YES) | Query: SELECT 1 | Params: []
[2025-02-25T19:32:36.669Z] [ERROR] Access denied for user 'root'@'localhost' (using password: YES) | Query: SELECT 1 | Params: []
[2025-02-25T20:10:30.602Z] [ERROR] Access denied for user 'root'@'localhost' (using password: YES) | Query: SELECT 1 | Params: []
[2025-02-25T20:11:59.471Z] [ERROR] Access denied for user 'root'@'localhost' (using password: YES) | Query: SELECT id, provider, is_first_login FROM users WHERE email = ? LIMIT 1 | Params: ["dantecady@gmail.com"]
[2025-02-25T20:12:02.011Z] [ERROR] Access denied for user 'root'@'localhost' (using password: YES) | Query: SELECT 1 | Params: []
[2025-02-25T20:12:31.420Z] [ERROR] Access denied for user 'root'@'localhost' (using password: YES) | Query: SELECT 1 | Params: []
[2025-02-25T20:13:01.433Z] [ERROR] Access denied for user 'root'@'localhost' (using password: YES) | Query: SELECT 1 | Params: []
[2025-02-25T20:15:15.821Z] [ERROR] Access denied for user 'root'@'localhost' (using password: YES) | Query: SELECT id, provider, is_first_login FROM users WHERE email = ? LIMIT 1 | Params: ["dantecady@gmail.com"]
[2025-02-25T20:15:19.081Z] [ERROR] Access denied for user 'root'@'localhost' (using password: YES) | Query: SELECT 1 | Params: []
[2025-02-25T20:15:47.329Z] [ERROR] Access denied for user 'root'@'localhost' (using password: YES) | Query: SELECT 1 | Params: []
[2025-02-25T20:17:14.331Z] [ERROR] Access denied for user 'root'@'localhost' (using password: YES) | Query: SELECT id, provider, is_first_login FROM users WHERE email = ? LIMIT 1 | Params: ["dantecady@gmail.com"]
[2025-02-26T02:47:55.219Z] [ERROR] Duplicate entry 'dantecady@gmail.com' for key 'users.email' | Query: INSERT INTO users (id, email, provider, provider_id, is_first_login, created_at)
                         VALUES (?, ?, ?, ?, 1, NOW()) | Params: ["292444939412045825","dantecady@gmail.com","discord","292444939412045825"]
[2025-02-26T03:49:41.468Z] [ERROR] Duplicate entry '292444939412045825-0' for key 'profile_groups.unique_default_group' | Query: INSERT INTO profile_groups (id, user_id, name, is_default, created_at) 
             VALUES (?, ?, ?, 0, NOW()) | Params: ["7f0952a5-8489-4162-9b63-e5b581cc633c","292444939412045825","Test 1 (Copy)"]
[2025-02-26T03:52:15.739Z] [ERROR] Duplicate entry '292444939412045825-0' for key 'profile_groups.unique_default_group' | Query: INSERT INTO profile_groups (id, user_id, name, is_default, created_at) 
             VALUES (?, ?, ?, 0, NOW()) | Params: ["8c50d0de-3868-453d-9de2-5cf50ae1a7ec","292444939412045825","Test 1 w (Copy)"]
[2025-02-26T03:55:22.784Z] [ERROR] Duplicate entry '292444939412045825-0' for key 'profile_groups.unique_default_group' | Query: INSERT INTO profile_groups (id, user_id, name, is_default, created_at) 
             VALUES (?, ?, ?, 0, NOW()) | Params: ["91a12a38-b167-4bb5-a95e-09ca36485f5f","292444939412045825","Test 1 w (Copy)"]
[2025-02-26T03:55:53.485Z] [ERROR] Duplicate entry '292444939412045825-0' for key 'profile_groups.unique_default_group' | Query: INSERT INTO profile_groups (id, user_id, name, is_default, created_at) 
             VALUES (?, ?, ?, 0, NOW()) | Params: ["774e8fba-f040-4203-a6ee-e98969004292","292444939412045825","Test 1 (Copy)"]
[2025-02-26T03:58:20.514Z] [ERROR] Duplicate entry '292444939412045825-0' for key 'profile_groups.unique_default_group' | Query: INSERT INTO profile_groups (id, user_id, name, is_default, created_at) 
             VALUES (?, ?, ?, 0, NOW()) | Params: ["04b1c4ae-34f7-42f9-919a-5b68fa3ce67a","292444939412045825","Test 1 (Copy)"]
[2025-02-26T04:02:09.868Z] [ERROR] Duplicate entry '292444939412045825-0' for key 'profile_groups.unique_default_group' | Query: INSERT INTO profile_groups (id, user_id, name, is_default, created_at) VALUES (?, ?, ?, 0, NOW()) | Params: ["e856b013-c984-438c-9ad2-1811ef424e78","292444939412045825","Test 1 (Copy)"]
[2025-02-26T04:04:19.592Z] [ERROR] Duplicate entry '292444939412045825-0' for key 'profile_groups.unique_default_group' | Query: INSERT INTO profile_groups (id, user_id, name, is_default, created_at) VALUES (?, ?, ?, 0, NOW()) | Params: ["2f9d2046-db7d-49af-818e-8668c70706e0","292444939412045825","Test 1 (Copy)"]
[2025-02-26T04:05:49.078Z] [ERROR] Duplicate entry '292444939412045825-0' for key 'profile_groups.unique_default_group' | Query: INSERT INTO profile_groups (id, user_id, name, is_default, created_at) VALUES (?, ?, ?, 0, NOW()) | Params: ["ad3af6f5-8838-47c5-af90-ed534433fe86","292444939412045825","Test 1 (Copy)"]
[2025-02-26T04:54:52.698Z] [ERROR] Duplicate entry '292444939412045825-0' for key 'profile_groups.unique_default_group' | Query: INSERT INTO profile_groups (id, user_id, name, is_default, created_at) VALUES (?, ?, ?, 0, NOW()) | Params: ["61e7073c-28d9-4e5e-b899-25c0036be6aa","292444939412045825","Test 1 (Copy)"]
[2025-02-26T04:55:07.990Z] [ERROR] Duplicate entry '292444939412045825-0' for key 'profile_groups.unique_default_group' | Query: INSERT INTO profile_groups (id, user_id, name, is_default, created_at) VALUES (?, ?, ?, 0, NOW()) | Params: ["3058b181-5762-407d-aa42-0fb20b9ced26","292444939412045825","Default (Copy)"]
[2025-02-26T05:36:23.622Z] [ERROR] Duplicate entry '292444939412045825-0' for key 'profile_groups.unique_default_group' | Query: INSERT INTO profile_groups (id, user_id, name, is_default, created_at) VALUES (?, ?, ?, 0, NOW()) | Params: ["99f035fa-c399-4ec0-aa1d-bd0fa739a883","292444939412045825","Test 1 (Copy)"]
[2025-02-26T05:37:05.403Z] [ERROR] Unknown column 'group_id' in 'where clause' | Query: SELECT * FROM profiles WHERE group_id = ? | Params: ["603396a2-e4a0-4042-aa2d-7f708fff433e"]
[2025-02-26T05:37:06.390Z] [ERROR] Duplicate entry '292444939412045825-0' for key 'profile_groups.unique_default_group' | Query: INSERT INTO profile_groups (id, user_id, name, is_default, created_at) VALUES (?, ?, ?, 0, NOW()) | Params: ["4887acc5-9a3e-493c-b456-2c5a29830a51","292444939412045825","Test 1 (Copy)"]
[2025-02-26T05:37:15.201Z] [ERROR] Unknown column 'group_id' in 'where clause' | Query: SELECT * FROM profiles WHERE group_id = ? | Params: ["603396a2-e4a0-4042-aa2d-7f708fff433e"]
[2025-02-26T05:37:16.074Z] [ERROR] Duplicate entry '292444939412045825-0' for key 'profile_groups.unique_default_group' | Query: INSERT INTO profile_groups (id, user_id, name, is_default, created_at) VALUES (?, ?, ?, 0, NOW()) | Params: ["eb26e491-a2f9-4496-95f2-3c19486f4072","292444939412045825","Test 1 (Copy)"]
[2025-02-26T05:38:38.529Z] [ERROR] Unknown column 'group_id' in 'where clause' | Query: SELECT * FROM profiles WHERE group_id = ? | Params: ["4e1a921b-fcfb-4e21-8403-3305f167132c"]
[2025-02-26T05:38:39.926Z] [ERROR] Unknown column 'group_id' in 'where clause' | Query: SELECT * FROM profiles WHERE group_id = ? | Params: ["603396a2-e4a0-4042-aa2d-7f708fff433e"]
[2025-02-26T05:38:39.993Z] [ERROR] Unknown column 'group_id' in 'where clause' | Query: SELECT * FROM profiles WHERE group_id = ? | Params: ["603396a2-e4a0-4042-aa2d-7f708fff433e"]
[2025-02-26T05:38:41.387Z] [ERROR] Duplicate entry '292444939412045825-0' for key 'profile_groups.unique_default_group' | Query: INSERT INTO profile_groups (id, user_id, name, is_default, created_at) VALUES (?, ?, ?, 0, NOW()) | Params: ["08009b2b-a417-4d45-9bad-7a4048aae311","292444939412045825","Test 1 (Copy)"]
[2025-02-26T05:39:33.391Z] [ERROR] Unknown column 'group_id' in 'where clause' | Query: SELECT * FROM profiles WHERE group_id = ? | Params: ["603396a2-e4a0-4042-aa2d-7f708fff433e"]
[2025-02-26T05:39:37.768Z] [ERROR] Duplicate entry '292444939412045825-0' for key 'profile_groups.unique_default_group' | Query: INSERT INTO profile_groups (id, user_id, name, is_default, created_at) VALUES (?, ?, ?, 0, NOW()) | Params: ["6eac9f94-cae9-459a-a49a-897c23537a55","292444939412045825","Test 1 (Copy)"]
[2025-02-26T05:39:42.752Z] [ERROR] Unknown column 'group_id' in 'where clause' | Query: SELECT * FROM profiles WHERE group_id = ? | Params: ["4e1a921b-fcfb-4e21-8403-3305f167132c"]
[2025-02-26T05:41:12.862Z] [ERROR] Unknown column 'group_id' in 'where clause' | Query: SELECT * FROM profiles WHERE group_id = ? | Params: ["603396a2-e4a0-4042-aa2d-7f708fff433e"]
[2025-02-26T05:41:12.917Z] [ERROR] Unknown column 'group_id' in 'where clause' | Query: SELECT * FROM profiles WHERE group_id = ? | Params: ["603396a2-e4a0-4042-aa2d-7f708fff433e"]
[2025-02-26T05:41:13.954Z] [ERROR] Duplicate entry '292444939412045825-0' for key 'profile_groups.unique_default_group' | Query: INSERT INTO profile_groups (id, user_id, name, is_default, created_at) VALUES (?, ?, ?, 0, NOW()) | Params: ["61cfa4f3-d437-4484-91a8-2e0945c41d08","292444939412045825","Test 1 (Copy)"]
[2025-02-26T05:41:26.200Z] [ERROR] Unknown column 'group_id' in 'where clause' | Query: SELECT * FROM profiles WHERE group_id = ? | Params: ["603396a2-e4a0-4042-aa2d-7f708fff433e"]
[2025-02-26T05:42:23.115Z] [ERROR] Duplicate entry '292444939412045825-0' for key 'profile_groups.unique_default_group' | Query: INSERT INTO profile_groups (id, user_id, name, is_default, created_at) VALUES (?, ?, ?, 0, NOW()) | Params: ["04dd8923-a836-4e54-9314-4e6f4b9cdacf","292444939412045825","Test 1 (Copy)"]
[2025-02-26T17:33:58.219Z] [ERROR] Access denied for user 'root'@'localhost' (using password: YES) | Query: SELECT id, provider, is_first_login, provider_id FROM users WHERE email = ? LIMIT 1 | Params: ["dantecady@gmail.com"]
[2025-02-26T17:34:18.104Z] [ERROR] Access denied for user 'root'@'localhost' (using password: YES) | Query: SELECT 1 | Params: []
[2025-02-26T17:34:18.197Z] [ERROR] Access denied for user 'root'@'localhost' (using password: YES) | Query: SELECT 1 | Params: []
[2025-02-26T21:23:04.897Z] [ERROR] Table 'stratusbot.profile_groups' doesn't exist | Query: SELECT id, name, is_default FROM profile_groups WHERE user_id = ? | Params: ["292444939412045825"]
[2025-02-26T21:23:04.949Z] [ERROR] Table 'stratusbot.profile_groups' doesn't exist | Query: SELECT id, name, is_default FROM profile_groups WHERE user_id = ? | Params: ["292444939412045825"]
[2025-02-26T23:36:35.052Z] [ERROR] Access denied for user 'root'@'localhost' (using password: YES) | Query: SELECT id, name, is_enabled FROM shops | Params: []
[2025-02-26T23:36:35.160Z] [ERROR] Access denied for user 'root'@'localhost' (using password: YES) | Query: SELECT 1 | Params: []
[2025-02-26T23:37:04.324Z] [ERROR] Access denied for user 'root'@'localhost' (using password: YES) | Query: SELECT 1 | Params: []
[2025-02-26T23:37:34.318Z] [ERROR] Access denied for user 'root'@'localhost' (using password: YES) | Query: SELECT 1 | Params: []
[2025-02-26T23:39:38.849Z] [ERROR] Access denied for user 'root'@'localhost' (using password: YES) | Query: SELECT 1 | Params: []
[2025-02-26T23:40:07.322Z] [ERROR] Access denied for user 'root'@'localhost' (using password: YES) | Query: SELECT 1 | Params: []
[2025-02-26T23:40:37.404Z] [ERROR] Access denied for user 'root'@'localhost' (using password: YES) | Query: SELECT 1 | Params: []
[2025-02-26T23:40:46.113Z] [ERROR] Access denied for user 'root'@'localhost' (using password: YES) | Query: SELECT 1 | Params: []
[2025-02-26T23:40:46.754Z] [ERROR] Access denied for user 'root'@'localhost' (using password: YES) | Query: SELECT 1 | Params: []
[2025-02-26T23:40:51.458Z] [ERROR] Access denied for user 'root'@'localhost' (using password: YES) | Query: SELECT 1 | Params: []
[2025-02-26T23:40:51.573Z] [ERROR] Access denied for user 'root'@'localhost' (using password: YES) | Query: SELECT 1 | Params: []
[2025-02-27T19:45:36.595Z] [ERROR] Table 'stratusbot.profile_groups' doesn't exist | Query: SELECT id, name, is_default FROM profile_groups WHERE user_id = ? | Params: ["292444939412045825"]
[2025-02-27T19:45:36.647Z] [ERROR] Table 'stratusbot.profile_groups' doesn't exist | Query: SELECT id, name, is_default FROM profile_groups WHERE user_id = ? | Params: ["292444939412045825"]
[2025-02-27T20:27:18.917Z] [ERROR] Duplicate entry '292444939412045825-1' for key 'profile_groups.unique_default_group' | Query: INSERT INTO profile_groups (id, user_id, name, is_default, created_at) VALUES (?, ?, 'Default', 1, NOW()) | Params: ["ddff4718-1491-4c1a-88fa-7d8129d17929","292444939412045825"]
[2025-02-27T20:29:00.204Z] [ERROR] Duplicate entry '292444939412045825-1' for key 'profile_groups.unique_default_group' | Query: INSERT INTO profile_groups (id, user_id, name, is_default, created_at) VALUES (?, ?, 'Default', 1, NOW()) | Params: ["1a6a87c1-75ba-42a7-a0c4-8adb69c76a6e","292444939412045825"]
[2025-02-27T20:34:58.936Z] [ERROR] Duplicate entry '292444939412045825-0' for key 'profile_groups.unique_default_group' | Query: INSERT INTO profile_groups (id, user_id, name, is_default, created_at) VALUES (?, ?, ?, 0, NOW()) | Params: ["03bd461b-7f0d-4307-ac4f-7e10d3df54e3","292444939412045825","Test 1 (Copy)"]
[2025-02-27T20:36:36.452Z] [ERROR] Duplicate entry '292444939412045825-0' for key 'profile_groups.unique_default_group' | Query: INSERT INTO profile_groups (id, user_id, name, is_default, created_at) VALUES (?, ?, ?, ?, NOW()) | Params: ["1eac33e5-92de-4d85-950a-924974e225ee","292444939412045825","Test 1 (Copy)",0]
